Watching for file changes with StatReloader
Watching for file changes with StatReloader
Watching for file changes with StatReloader
Watching for file changes with StatReloader
Watching for file changes with StatReloader
Watching for file changes with StatReloader
Watching for file changes with StatReloader
Watching for file changes with StatReloader
Watching for file changes with StatReloader
"GET / HTTP/1.1" 200 14952
Not Found: /favicon.ico
"GET /favicon.ico HTTP/1.1" 404 8635
"GET /login/ HTTP/1.1" 200 10086
"GET /login/ HTTP/1.1" 200 10086
"GET /register/ HTTP/1.1" 200 12245
"GET /register/admin/ HTTP/1.1" 200 16677
"POST /register/admin/ HTTP/1.1" 200 11220
"GET /login/ HTTP/1.1" 200 10086
Watching for file changes with StatReloader
"POST /login/ HTTP/1.1" 200 10547
"GET /register/ HTTP/1.1" 200 12245
"GET /register/admin/ HTTP/1.1" 200 16677
"POST /register/admin/ HTTP/1.1" 200 11219
Watching for file changes with StatReloader
Watching for file changes with StatReloader
"GET / HTTP/1.1" 200 14952
Not Found: /favicon.ico
"GET /favicon.ico HTTP/1.1" 404 8635
"GET /register/ HTTP/1.1" 200 12245
"GET /register/admin/ HTTP/1.1" 200 16677
"POST /register/admin/ HTTP/1.1" 200 11220
"POST /register/admin/ HTTP/1.1" 200 11219
"POST /register/admin/ HTTP/1.1" 200 11219
"GET / HTTP/1.1" 200 14952
"GET /register/ HTTP/1.1" 200 12245
"GET /register/admin/ HTTP/1.1" 200 16677
"POST /register/admin/ HTTP/1.1" 200 11219
Watching for file changes with StatReloader
"GET /register/admin/ HTTP/1.1" 200 16677
"GET / HTTP/1.1" 200 14952
"GET / HTTP/1.1" 200 14952
"GET /register/ HTTP/1.1" 200 12245
"GET /register/admin/ HTTP/1.1" 200 16677
- Broken pipe from ('127.0.0.1', 61535)
"POST /register/admin/ HTTP/1.1" 200 13299
/Users/adityapandey/enhanced_timetable_system/accounts/views.py changed, reloading.
Watching for file changes with StatReloader
/Users/adityapandey/enhanced_timetable_system/accounts/views.py changed, reloading.
Watching for file changes with StatReloader
/Users/adityapandey/enhanced_timetable_system/accounts/views.py changed, reloading.
/Users/adityapandey/enhanced_timetable_system/accounts/views.py changed, reloading.
Watching for file changes with StatReloader
Watching for file changes with StatReloader
/Users/adityapandey/enhanced_timetable_system/accounts/views.py changed, reloading.
/Users/adityapandey/enhanced_timetable_system/accounts/views.py changed, reloading.
Watching for file changes with StatReloader
Watching for file changes with StatReloader
/Users/adityapandey/enhanced_timetable_system/accounts/views.py changed, reloading.
/Users/adityapandey/enhanced_timetable_system/accounts/views.py changed, reloading.
Watching for file changes with StatReloader
Watching for file changes with StatReloader
/Users/adityapandey/enhanced_timetable_system/accounts/views.py changed, reloading.
/Users/adityapandey/enhanced_timetable_system/accounts/views.py changed, reloading.
Watching for file changes with StatReloader
Watching for file changes with StatReloader
/Users/adityapandey/enhanced_timetable_system/accounts/views.py changed, reloading.
/Users/adityapandey/enhanced_timetable_system/accounts/views.py changed, reloading.
Watching for file changes with StatReloader
Watching for file changes with StatReloader
/Users/adityapandey/enhanced_timetable_system/accounts/views.py changed, reloading.
/Users/adityapandey/enhanced_timetable_system/accounts/views.py changed, reloading.
Watching for file changes with StatReloader
Watching for file changes with StatReloader
Watching for file changes with StatReloader
"GET / HTTP/1.1" 200 14952
"GET /register/ HTTP/1.1" 200 12245
"GET /register/admin/ HTTP/1.1" 200 16677
"POST /register/admin/ HTTP/1.1" 200 13299
"POST /register/admin/ HTTP/1.1" 302 0
"GET /login/ HTTP/1.1" 200 10587
"POST /login/ HTTP/1.1" 302 0
Internal Server Error: /admin/dashboard/
Traceback (most recent call last):
  File "/Users/adityapandey/enhanced_timetable_system/venv/lib/python3.13/site-packages/django/core/handlers/exception.py", line 55, in inner
    response = get_response(request)
  File "/Users/adityapandey/enhanced_timetable_system/venv/lib/python3.13/site-packages/django/core/handlers/base.py", line 197, in _get_response
    response = wrapped_callback(request, *callback_args, **callback_kwargs)
  File "/Users/adityapandey/enhanced_timetable_system/venv/lib/python3.13/site-packages/django/contrib/auth/decorators.py", line 23, in _wrapper_view
    return view_func(request, *args, **kwargs)
  File "/Users/adityapandey/enhanced_timetable_system/accounts/admin_views.py", line 32, in wrapper
    return view_func(request, *args, **kwargs)
  File "/Users/adityapandey/enhanced_timetable_system/accounts/admin_views.py", line 62, in admin_dashboard
    course_distribution = Course.objects.filter(is_active=True).annotate(
                          ~~~~~~~~~~~~~~~~~~~~~~~~~~~~~~~~~~~~~~~~~~~~~~^
        student_count=Count('studentprofile', filter=Q(studentprofile__user__is_active=True))
        ^^^^^^^^^^^^^^^^^^^^^^^^^^^^^^^^^^^^^^^^^^^^^^^^^^^^^^^^^^^^^^^^^^^^^^^^^^^^^^^^^^^^^
    ).order_by('-student_count')
    ^
  File "/Users/adityapandey/enhanced_timetable_system/venv/lib/python3.13/site-packages/django/db/models/query.py", line 1590, in annotate
    return self._annotate(args, kwargs, select=True)
           ~~~~~~~~~~~~~~^^^^^^^^^^^^^^^^^^^^^^^^^^^
  File "/Users/adityapandey/enhanced_timetable_system/venv/lib/python3.13/site-packages/django/db/models/query.py", line 1638, in _annotate
    clone.query.add_annotation(
    ~~~~~~~~~~~~~~~~~~~~~~~~~~^
        annotation,
        ^^^^^^^^^^^
        alias,
        ^^^^^^
        select=select,
        ^^^^^^^^^^^^^^
    )
    ^
  File "/Users/adityapandey/enhanced_timetable_system/venv/lib/python3.13/site-packages/django/db/models/sql/query.py", line 1133, in add_annotation
    annotation = annotation.resolve_expression(self, allow_joins=True, reuse=None)
  File "/Users/adityapandey/enhanced_timetable_system/venv/lib/python3.13/site-packages/django/db/models/aggregates.py", line 64, in resolve_expression
    c = super().resolve_expression(query, allow_joins, reuse, summarize)
  File "/Users/adityapandey/enhanced_timetable_system/venv/lib/python3.13/site-packages/django/db/models/expressions.py", line 950, in resolve_expression
    c.source_expressions[pos] = arg.resolve_expression(
                                ~~~~~~~~~~~~~~~~~~~~~~^
        query, allow_joins, reuse, summarize, for_save
        ^^^^^^^^^^^^^^^^^^^^^^^^^^^^^^^^^^^^^^^^^^^^^^
    )
    ^
  File "/Users/adityapandey/enhanced_timetable_system/venv/lib/python3.13/site-packages/django/db/models/expressions.py", line 829, in resolve_expression
    return query.resolve_ref(self.name, allow_joins, reuse, summarize)
           ~~~~~~~~~~~~~~~~~^^^^^^^^^^^^^^^^^^^^^^^^^^^^^^^^^^^^^^^^^^
  File "/Users/adityapandey/enhanced_timetable_system/venv/lib/python3.13/site-packages/django/db/models/sql/query.py", line 1976, in resolve_ref
    join_info = self.setup_joins(
        field_list, self.get_meta(), self.get_initial_alias(), can_reuse=reuse
    )
  File "/Users/adityapandey/enhanced_timetable_system/venv/lib/python3.13/site-packages/django/db/models/sql/query.py", line 1823, in setup_joins
    path, final_field, targets, rest = self.names_to_path(
                                       ~~~~~~~~~~~~~~~~~~^
        names[:pivot],
        ^^^^^^^^^^^^^^
    ...<2 lines>...
        fail_on_missing=True,
        ^^^^^^^^^^^^^^^^^^^^^
    )
    ^
  File "/Users/adityapandey/enhanced_timetable_system/venv/lib/python3.13/site-packages/django/db/models/sql/query.py", line 1724, in names_to_path
    raise FieldError(
    ...<2 lines>...
    )
django.core.exceptions.FieldError: Cannot resolve keyword 'studentprofile' into field. Choices are: created_at, description, duration_years, full_name, id, is_active, name, subjects, updated_at
"GET /admin/dashboard/ HTTP/1.1" 500 121989
/Users/adityapandey/enhanced_timetable_system/accounts/admin_views.py changed, reloading.
/Users/adityapandey/enhanced_timetable_system/accounts/admin_views.py changed, reloading.
Watching for file changes with StatReloader
Watching for file changes with StatReloader
Internal Server Error: /admin/dashboard/
Traceback (most recent call last):
  File "/Users/adityapandey/enhanced_timetable_system/venv/lib/python3.13/site-packages/django/core/handlers/exception.py", line 55, in inner
    response = get_response(request)
  File "/Users/adityapandey/enhanced_timetable_system/venv/lib/python3.13/site-packages/django/core/handlers/base.py", line 197, in _get_response
    response = wrapped_callback(request, *callback_args, **callback_kwargs)
  File "/Users/adityapandey/enhanced_timetable_system/venv/lib/python3.13/site-packages/django/contrib/auth/decorators.py", line 23, in _wrapper_view
    return view_func(request, *args, **kwargs)
  File "/Users/adityapandey/enhanced_timetable_system/accounts/admin_views.py", line 32, in wrapper
    return view_func(request, *args, **kwargs)
  File "/Users/adityapandey/enhanced_timetable_system/accounts/admin_views.py", line 105, in admin_dashboard
    return render(request, 'admin/dashboard.html', context)
  File "/Users/adityapandey/enhanced_timetable_system/venv/lib/python3.13/site-packages/django/shortcuts.py", line 24, in render
    content = loader.render_to_string(template_name, context, request, using=using)
  File "/Users/adityapandey/enhanced_timetable_system/venv/lib/python3.13/site-packages/django/template/loader.py", line 61, in render_to_string
    template = get_template(template_name, using=using)
  File "/Users/adityapandey/enhanced_timetable_system/venv/lib/python3.13/site-packages/django/template/loader.py", line 19, in get_template
    raise TemplateDoesNotExist(template_name, chain=chain)
django.template.exceptions.TemplateDoesNotExist: admin/dashboard.html
"GET /admin/dashboard/ HTTP/1.1" 500 94088
Forbidden (CSRF token from POST incorrect.): /login/
"POST /login/ HTTP/1.1" 403 2518
/Users/adityapandey/enhanced_timetable_system/accounts/models.py changed, reloading.
/Users/adityapandey/enhanced_timetable_system/accounts/models.py changed, reloading.
Watching for file changes with StatReloader
Watching for file changes with StatReloader
Watching for file changes with StatReloader
Forbidden (CSRF token from POST incorrect.): /login/
"POST /login/ HTTP/1.1" 403 2518
"GET / HTTP/1.1" 302 0
Internal Server Error: /admin/dashboard/
Traceback (most recent call last):
  File "/Users/adityapandey/enhanced_timetable_system/venv/lib/python3.13/site-packages/django/core/handlers/exception.py", line 55, in inner
    response = get_response(request)
  File "/Users/adityapandey/enhanced_timetable_system/venv/lib/python3.13/site-packages/django/core/handlers/base.py", line 197, in _get_response
    response = wrapped_callback(request, *callback_args, **callback_kwargs)
  File "/Users/adityapandey/enhanced_timetable_system/venv/lib/python3.13/site-packages/django/contrib/auth/decorators.py", line 23, in _wrapper_view
    return view_func(request, *args, **kwargs)
  File "/Users/adityapandey/enhanced_timetable_system/accounts/admin_views.py", line 32, in wrapper
    return view_func(request, *args, **kwargs)
  File "/Users/adityapandey/enhanced_timetable_system/accounts/admin_views.py", line 105, in admin_dashboard
    return render(request, 'admin/dashboard.html', context)
  File "/Users/adityapandey/enhanced_timetable_system/venv/lib/python3.13/site-packages/django/shortcuts.py", line 24, in render
    content = loader.render_to_string(template_name, context, request, using=using)
  File "/Users/adityapandey/enhanced_timetable_system/venv/lib/python3.13/site-packages/django/template/loader.py", line 61, in render_to_string
    template = get_template(template_name, using=using)
  File "/Users/adityapandey/enhanced_timetable_system/venv/lib/python3.13/site-packages/django/template/loader.py", line 19, in get_template
    raise TemplateDoesNotExist(template_name, chain=chain)
django.template.exceptions.TemplateDoesNotExist: admin/dashboard.html
"GET /admin/dashboard/ HTTP/1.1" 500 92069
Watching for file changes with StatReloader
Internal Server Error: /admin/dashboard/
Traceback (most recent call last):
  File "/Users/adityapandey/enhanced_timetable_system/venv/lib/python3.13/site-packages/django/core/handlers/exception.py", line 55, in inner
    response = get_response(request)
  File "/Users/adityapandey/enhanced_timetable_system/venv/lib/python3.13/site-packages/django/core/handlers/base.py", line 197, in _get_response
    response = wrapped_callback(request, *callback_args, **callback_kwargs)
  File "/Users/adityapandey/enhanced_timetable_system/venv/lib/python3.13/site-packages/django/contrib/auth/decorators.py", line 23, in _wrapper_view
    return view_func(request, *args, **kwargs)
  File "/Users/adityapandey/enhanced_timetable_system/accounts/admin_views.py", line 32, in wrapper
    return view_func(request, *args, **kwargs)
  File "/Users/adityapandey/enhanced_timetable_system/accounts/admin_views.py", line 105, in admin_dashboard
    return render(request, 'admin/dashboard.html', context)
  File "/Users/adityapandey/enhanced_timetable_system/venv/lib/python3.13/site-packages/django/shortcuts.py", line 24, in render
    content = loader.render_to_string(template_name, context, request, using=using)
  File "/Users/adityapandey/enhanced_timetable_system/venv/lib/python3.13/site-packages/django/template/loader.py", line 61, in render_to_string
    template = get_template(template_name, using=using)
  File "/Users/adityapandey/enhanced_timetable_system/venv/lib/python3.13/site-packages/django/template/loader.py", line 15, in get_template
    return engine.get_template(template_name)
           ~~~~~~~~~~~~~~~~~~~^^^^^^^^^^^^^^^
  File "/Users/adityapandey/enhanced_timetable_system/venv/lib/python3.13/site-packages/django/template/backends/django.py", line 33, in get_template
    return Template(self.engine.get_template(template_name), self)
                    ~~~~~~~~~~~~~~~~~~~~~~~~^^^^^^^^^^^^^^^
  File "/Users/adityapandey/enhanced_timetable_system/venv/lib/python3.13/site-packages/django/template/engine.py", line 175, in get_template
    template, origin = self.find_template(template_name)
                       ~~~~~~~~~~~~~~~~~~^^^^^^^^^^^^^^^
  File "/Users/adityapandey/enhanced_timetable_system/venv/lib/python3.13/site-packages/django/template/engine.py", line 157, in find_template
    template = loader.get_template(name, skip=skip)
  File "/Users/adityapandey/enhanced_timetable_system/venv/lib/python3.13/site-packages/django/template/loaders/cached.py", line 57, in get_template
    template = super().get_template(template_name, skip)
  File "/Users/adityapandey/enhanced_timetable_system/venv/lib/python3.13/site-packages/django/template/loaders/base.py", line 28, in get_template
    return Template(
        contents,
    ...<2 lines>...
        self.engine,
    )
  File "/Users/adityapandey/enhanced_timetable_system/venv/lib/python3.13/site-packages/django/template/base.py", line 154, in __init__
    self.nodelist = self.compile_nodelist()
                    ~~~~~~~~~~~~~~~~~~~~~^^
  File "/Users/adityapandey/enhanced_timetable_system/venv/lib/python3.13/site-packages/django/template/base.py", line 200, in compile_nodelist
    return parser.parse()
           ~~~~~~~~~~~~^^
  File "/Users/adityapandey/enhanced_timetable_system/venv/lib/python3.13/site-packages/django/template/base.py", line 513, in parse
    raise self.error(token, e)
  File "/Users/adityapandey/enhanced_timetable_system/venv/lib/python3.13/site-packages/django/template/base.py", line 511, in parse
    compiled_result = compile_func(self, token)
  File "/Users/adityapandey/enhanced_timetable_system/venv/lib/python3.13/site-packages/django/template/loader_tags.py", line 293, in do_extends
    nodelist = parser.parse()
  File "/Users/adityapandey/enhanced_timetable_system/venv/lib/python3.13/site-packages/django/template/base.py", line 513, in parse
    raise self.error(token, e)
  File "/Users/adityapandey/enhanced_timetable_system/venv/lib/python3.13/site-packages/django/template/base.py", line 511, in parse
    compiled_result = compile_func(self, token)
  File "/Users/adityapandey/enhanced_timetable_system/venv/lib/python3.13/site-packages/django/template/loader_tags.py", line 232, in do_block
    nodelist = parser.parse(("endblock",))
  File "/Users/adityapandey/enhanced_timetable_system/venv/lib/python3.13/site-packages/django/template/base.py", line 513, in parse
    raise self.error(token, e)
  File "/Users/adityapandey/enhanced_timetable_system/venv/lib/python3.13/site-packages/django/template/base.py", line 511, in parse
    compiled_result = compile_func(self, token)
  File "/Users/adityapandey/enhanced_timetable_system/venv/lib/python3.13/site-packages/django/template/defaulttags.py", line 953, in do_if
    nodelist = parser.parse(("elif", "else", "endif"))
  File "/Users/adityapandey/enhanced_timetable_system/venv/lib/python3.13/site-packages/django/template/base.py", line 513, in parse
    raise self.error(token, e)
  File "/Users/adityapandey/enhanced_timetable_system/venv/lib/python3.13/site-packages/django/template/base.py", line 511, in parse
    compiled_result = compile_func(self, token)
  File "/Users/adityapandey/enhanced_timetable_system/venv/lib/python3.13/site-packages/django/template/defaulttags.py", line 853, in do_for
    nodelist_loop = parser.parse(
        (
    ...<2 lines>...
        )
    )
  File "/Users/adityapandey/enhanced_timetable_system/venv/lib/python3.13/site-packages/django/template/base.py", line 513, in parse
    raise self.error(token, e)
  File "/Users/adityapandey/enhanced_timetable_system/venv/lib/python3.13/site-packages/django/template/base.py", line 511, in parse
    compiled_result = compile_func(self, token)
  File "/Users/adityapandey/enhanced_timetable_system/venv/lib/python3.13/site-packages/django/template/defaulttags.py", line 953, in do_if
    nodelist = parser.parse(("elif", "else", "endif"))
  File "/Users/adityapandey/enhanced_timetable_system/venv/lib/python3.13/site-packages/django/template/base.py", line 484, in parse
    raise self.error(token, e)
  File "/Users/adityapandey/enhanced_timetable_system/venv/lib/python3.13/site-packages/django/template/base.py", line 482, in parse
    filter_expression = self.compile_filter(token.contents)
  File "/Users/adityapandey/enhanced_timetable_system/venv/lib/python3.13/site-packages/django/template/base.py", line 600, in compile_filter
    return FilterExpression(token, self)
  File "/Users/adityapandey/enhanced_timetable_system/venv/lib/python3.13/site-packages/django/template/base.py", line 698, in __init__
    filter_func = parser.find_filter(filter_name)
  File "/Users/adityapandey/enhanced_timetable_system/venv/lib/python3.13/site-packages/django/template/base.py", line 606, in find_filter
    raise TemplateSyntaxError("Invalid filter: '%s'" % filter_name)
django.template.exceptions.TemplateSyntaxError: Invalid filter: 'div'
"GET /admin/dashboard/ HTTP/1.1" 500 305422
Watching for file changes with StatReloader
"GET /admin/dashboard/ HTTP/1.1" 200 18062
Internal Server Error: /admin/teachers/
Traceback (most recent call last):
  File "/Users/adityapandey/enhanced_timetable_system/venv/lib/python3.13/site-packages/django/core/handlers/exception.py", line 55, in inner
    response = get_response(request)
  File "/Users/adityapandey/enhanced_timetable_system/venv/lib/python3.13/site-packages/django/core/handlers/base.py", line 197, in _get_response
    response = wrapped_callback(request, *callback_args, **callback_kwargs)
  File "/Users/adityapandey/enhanced_timetable_system/venv/lib/python3.13/site-packages/django/contrib/auth/decorators.py", line 23, in _wrapper_view
    return view_func(request, *args, **kwargs)
  File "/Users/adityapandey/enhanced_timetable_system/accounts/admin_views.py", line 32, in wrapper
    return view_func(request, *args, **kwargs)
  File "/Users/adityapandey/enhanced_timetable_system/accounts/admin_views.py", line 207, in manage_teachers
    return render(request, 'admin/manage_teachers.html', context)
  File "/Users/adityapandey/enhanced_timetable_system/venv/lib/python3.13/site-packages/django/shortcuts.py", line 24, in render
    content = loader.render_to_string(template_name, context, request, using=using)
  File "/Users/adityapandey/enhanced_timetable_system/venv/lib/python3.13/site-packages/django/template/loader.py", line 61, in render_to_string
    template = get_template(template_name, using=using)
  File "/Users/adityapandey/enhanced_timetable_system/venv/lib/python3.13/site-packages/django/template/loader.py", line 19, in get_template
    raise TemplateDoesNotExist(template_name, chain=chain)
django.template.exceptions.TemplateDoesNotExist: admin/manage_teachers.html
"GET /admin/teachers/ HTTP/1.1" 500 88946
